{
  "RSpec": {
    "coverage": {
      "/Users/david/Projects/Week4/Thursday/Bookmark-Manager/spec/features/adding_bookmarks_spec.rb": [
        1,
        1,
        1,
        1,
        1,
        1,
        1,
        1,
        null,
        null
      ],
      "/Users/david/Projects/Week4/Thursday/Bookmark-Manager/spec/features/deleting_bookmarks_spec.rb": [
        1,
        1,
        1,
        1,
        1,
        null,
        1,
        1,
        null,
        null
      ],
      "/Users/david/Projects/Week4/Thursday/Bookmark-Manager/spec/features/homepage_spec.rb": [
        1,
        1,
        1,
        1,
        null,
        null
      ],
      "/Users/david/Projects/Week4/Thursday/Bookmark-Manager/spec/features/viewing_bookmarks_spec.rb": [
        1,
        1,
        null,
        1,
        1,
        1,
        1,
        null,
        1,
        1,
        1,
        null,
        null
      ],
      "/Users/david/Projects/Week4/Thursday/Bookmark-Manager/spec/unit/bookmark_spec.rb": [
        1,
        1,
        null,
        1,
        1,
        1,
        1,
        1,
        null,
        null,
        1,
        1,
        1,
        1,
        1,
        null,
        null,
        null,
        1,
        1,
        1,
        2,
        2,
        null,
        null,
        null,
        1,
        1,
        1,
        1,
        null,
        1,
        null,
        null,
        null
      ]
    },
    "timestamp": 1616685752
  }
}
