{
  "RSpec": {
    "coverage": {
      "/Users/alec/Projects/makers-course/afternoon-challenges/Bookmark-Manager/spec/features/adding_bookmarks_spec.rb": [

      ],
      "/Users/alec/Projects/makers-course/afternoon-challenges/Bookmark-Manager/spec/features/homepage_spec.rb": [
        1,
        1,
        1,
        1,
        null,
        null,
        null,
        null
      ],
      "/Users/alec/Projects/makers-course/afternoon-challenges/Bookmark-Manager/spec/features/viewing_bookmarks_spec.rb": [
        1,
        1,
        null,
        1,
        1,
        1,
        1,
        null,
        1,
        1,
        1,
        null,
        null
      ],
      "/Users/alec/Projects/makers-course/afternoon-challenges/Bookmark-Manager/spec/unit/bookmark_spec.rb": [
        1,
        1,
        null,
        1,
        1,
        1,
        1,
        1,
        null,
        null,
        null,
        1,
        1,
        1,
        1,
        null,
        null,
        null
      ]
    },
    "timestamp": 1616669896
  }
}
